#
# A fatal error has been detected by the Java Runtime Environment:
#
#  SIGSEGV (0xb) at pc=0x00007fff71088769, pid=49352, tid=0x000000000000652f
#
# JRE version: Java(TM) SE Runtime Environment (8.0_211-b12) (build 1.8.0_211-b12)
# Java VM: Java HotSpot(TM) 64-Bit Server VM (25.211-b12 mixed mode bsd-amd64 compressed oops)
# Problematic frame:
# C  [libsystem_platform.dylib+0x1769]  _platform_memmove$VARIANT$Haswell+0x29
#
# Failed to write core dump. Core dumps have been disabled. To enable core dumping, try "ulimit -c unlimited" before starting Java again
#
# If you would like to submit a bug report, please visit:
#   http://bugreport.java.com/bugreport/crash.jsp
# The crash happened outside the Java Virtual Machine in native code.
# See problematic frame for where to report the bug.
#

---------------  T H R E A D  ---------------

Current thread (0x00007fb37caaf000):  JavaThread "restartedMain" [_thread_in_native, id=25903, stack(0x000070000f1e0000,0x000070000f2e0000)]

siginfo: si_signo: 11 (SIGSEGV), si_code: 1 (SEGV_MAPERR), si_addr: 0x000000011300a000

Registers:
RAX=0x00007fb38092a800, RBX=0x000000011300937d, RCX=0x0000000000005d0f, RDX=0x0000000000006964
RSP=0x000070000f2dd8d0, RBP=0x000070000f2dd8d0, RSI=0x000000011300a000, RDI=0x00007fb38092b455
R8 =0x0000000000008c01, R9 =0x00007fb380abd400, R10=0x00007fb380abd400, R11=0x00007fb26d921455
R12=0x000000004e492d41, R13=0x000000006f632d67, R14=0x0000000064612f46, R15=0x0000000000006974
RIP=0x00007fff71088769, EFLAGS=0x0000000000010202, ERR=0x0000000000000004
  TRAPNO=0x000000000000000e

Top of Stack: (sp=0x000070000f2dd8d0)
0x000070000f2dd8d0:   000070000f2dd940 00000001090be006
0x000070000f2dd8e0:   0000007400000000 0000000000000069
0x000070000f2dd8f0:   0000000000006e6f 00007fb38092a800
0x000070000f2dd900:   0000000000006964 00007fb37af29e50
0x000070000f2dd910:   00007fb37d7a67e0 00007fb37af29e50
0x000070000f2dd920:   00007fb37b074600 0000000000004ea0
0x000070000f2dd930:   0000000085a8cfdd 00007fb37ad9b9e0
0x000070000f2dd940:   000070000f2dd9a0 00000001090be52d
0x000070000f2dd950:   000070000f2dd9d8 000070000f2dd9d7
0x000070000f2dd960:   0000001800000000 0000001901aaf000
0x000070000f2dd970:   000070000f2dd9be 000070000f2dde08
0x000070000f2dd980:   0000000000000019 000070000f2dd9be
0x000070000f2dd990:   00007fb37af29e50 00007fb37caaf1f8
0x000070000f2dd9a0:   000070000f2dddf0 00000001090bd238
0x000070000f2dd9b0:   00007fb37caaf000 454d000100000001
0x000070000f2dd9c0:   732f464e492d4154 61662e676e697270
0x000070000f2dd9d0:   00736569726f7463 000000010f90da00
0x000070000f2dd9e0:   000000010f90da70 000000010f910940
0x000070000f2dd9f0:   000000010f910940 00007fb37caaf000
0x000070000f2dda00:   00007fb37caaf000 000070000f2dda38
0x000070000f2dda10:   000070000f2de120 00007fb37d799de8
0x000070000f2dda20:   000070000f2de090 0000000109eebcac
0x000070000f2dda30:   000000010f9ee200 000070000f2debb0
0x000070000f2dda40:   0000000116df4664 0000000116df4010
0x000070000f2dda50:   0000000d00000000 0000000795748080
0x000070000f2dda60:   000070000f2debb0 00007fb37caaf000
0x000070000f2dda70:   00007fb38008c680 00007fb38008c690
0x000070000f2dda80:   00007fb38008ca68 00000000000003d8
0x000070000f2dda90:   000000010f9ee200 00007fb37caaf000
0x000070000f2ddaa0:   000070000f2ddb80 00000001162aeeda
0x000070000f2ddab0:   00000001162aee10 00000000158691b0
0x000070000f2ddac0:   0000000000000000 000070000f2ddb80 

Instructions: (pc=0x00007fff71088769)
0x00007fff71088749:   f3 48 89 f8 49 39 d3 72 1b 48 83 fa 60 76 2f 48
0x00007fff71088759:   81 fa 00 40 00 00 0f 82 cb 00 00 00 48 89 d1 fc
0x00007fff71088769:   f3 a4 5d c3 48 39 fe 74 f9 48 01 d6 48 01 d7 48
0x00007fff71088779:   83 fa 60 0f 82 8c 01 00 00 e9 a9 01 00 00 48 83 

Register to memory mapping:

RAX=0x00007fb38092a800 is an unknown value
RBX=0x000000011300937d is an unknown value
RCX=0x0000000000005d0f is an unknown value
RDX=0x0000000000006964 is an unknown value
RSP=0x000070000f2dd8d0 is pointing into the stack for thread: 0x00007fb37caaf000
RBP=0x000070000f2dd8d0 is pointing into the stack for thread: 0x00007fb37caaf000
RSI=0x000000011300a000 is an unknown value
RDI=0x00007fb38092b455 is an unknown value
R8 =0x0000000000008c01 is an unknown value
R9 =0x00007fb380abd400 is an unknown value
R10=0x00007fb380abd400 is an unknown value
R11=0x00007fb26d921455 is an unknown value
R12=0x000000004e492d41 is an unknown value
R13=0x000000006f632d67 is an unknown value
R14=0x0000000064612f46 is an unknown value
R15=0x0000000000006974 is an unknown value


Stack: [0x000070000f1e0000,0x000070000f2e0000],  sp=0x000070000f2dd8d0,  free space=1014k
Native frames: (J=compiled Java code, j=interpreted, Vv=VM code, C=native code)
C  [libsystem_platform.dylib+0x1769]  _platform_memmove$VARIANT$Haswell+0x29
C  [libzip.dylib+0x3006]  newEntry+0x2c8
C  [libzip.dylib+0x352d]  ZIP_GetEntry2+0xd4
C  [libzip.dylib+0x2238]  Java_java_util_zip_ZipFile_getEntry+0xcf
J 88  java.util.zip.ZipFile.getEntry(J[BZ)J (0 bytes) @ 0x0000000116390d4e [0x0000000116390c80+0xce]
J 3332 C2 java.util.jar.JarFile.getEntry(Ljava/lang/String;)Ljava/util/zip/ZipEntry; (22 bytes) @ 0x0000000116dace88 [0x0000000116dacb00+0x388]
J 1198 C2 sun.misc.URLClassPath$JarLoader.getResource(Ljava/lang/String;Z)Lsun/misc/Resource; (85 bytes) @ 0x00000001166744e4 [0x0000000116674460+0x84]
J 8065 C2 sun.misc.URLClassPath$1.next()Z (63 bytes) @ 0x00000001177af87c [0x00000001177af7c0+0xbc]
J 4006 C1 sun.misc.URLClassPath$1.hasMoreElements()Z (5 bytes) @ 0x0000000116f9eca4 [0x0000000116f9ec40+0x64]
J 3379 C1 java.net.URLClassLoader$3$1.run()Ljava/lang/Object; (5 bytes) @ 0x0000000116daa014 [0x0000000116da9ea0+0x174]
v  ~StubRoutines::call_stub
V  [libjvm.dylib+0x2f0d1e]
V  [libjvm.dylib+0x35160e]
J 1583  java.security.AccessController.doPrivileged(Ljava/security/PrivilegedAction;Ljava/security/AccessControlContext;)Ljava/lang/Object; (0 bytes) @ 0x0000000116763055 [0x0000000116762f80+0xd5]
J 3123 C1 java.net.URLClassLoader$3.next()Z (73 bytes) @ 0x0000000116ce4c34 [0x0000000116ce4a60+0x1d4]
J 3127 C1 java.net.URLClassLoader$3.hasMoreElements()Z (5 bytes) @ 0x0000000116ce407c [0x0000000116ce4000+0x7c]
J 3126 C1 sun.misc.CompoundEnumeration.next()Z (58 bytes) @ 0x0000000116ce4584 [0x0000000116ce43e0+0x1a4]
J 3378 C1 sun.misc.CompoundEnumeration.hasMoreElements()Z (5 bytes) @ 0x0000000116db6c7c [0x0000000116db6c00+0x7c]
J 7943 C1 org.springframework.core.io.support.SpringFactoriesLoader.loadSpringFactories(Ljava/lang/ClassLoader;)Ljava/util/Map; (238 bytes) @ 0x000000011772db8c [0x000000011772da40+0x14c]
j  org.springframework.core.io.support.SpringFactoriesLoader.loadFactoryNames(Ljava/lang/Class;Ljava/lang/ClassLoader;)Ljava/util/List;+18
j  org.springframework.boot.SpringApplication.getSpringFactoriesInstances(Ljava/lang/Class;[Ljava/lang/Class;[Ljava/lang/Object;)Ljava/util/Collection;+13
j  org.springframework.boot.SpringApplication.getSpringFactoriesInstances(Ljava/lang/Class;)Ljava/util/Collection;+10
j  org.springframework.boot.SpringApplication.<init>(Lorg/springframework/core/io/ResourceLoader;[Ljava/lang/Class;)V+119
j  org.springframework.boot.SpringApplication.<init>([Ljava/lang/Class;)V+3
j  org.springframework.boot.SpringApplication.run([Ljava/lang/Class;[Ljava/lang/String;)Lorg/springframework/context/ConfigurableApplicationContext;+5
j  org.springframework.boot.SpringApplication.run(Ljava/lang/Class;[Ljava/lang/String;)Lorg/springframework/context/ConfigurableApplicationContext;+9
j  com.itgma.shreyas.technicaltest.TechnicalTestApplication.main([Ljava/lang/String;)V+3
v  ~StubRoutines::call_stub
V  [libjvm.dylib+0x2f0d1e]
V  [libjvm.dylib+0x4d7790]
V  [libjvm.dylib+0x4d7cc4]
V  [libjvm.dylib+0x34926c]
J 2359  sun.reflect.NativeMethodAccessorImpl.invoke0(Ljava/lang/reflect/Method;Ljava/lang/Object;[Ljava/lang/Object;)Ljava/lang/Object; (0 bytes) @ 0x00000001169e8a6d [0x00000001169e8980+0xed]
J 2358 C1 sun.reflect.NativeMethodAccessorImpl.invoke(Ljava/lang/Object;[Ljava/lang/Object;)Ljava/lang/Object; (104 bytes) @ 0x00000001169ea014 [0x00000001169e8e40+0x11d4]
J 6563 C2 java.lang.reflect.Method.invoke(Ljava/lang/Object;[Ljava/lang/Object;)Ljava/lang/Object; (62 bytes) @ 0x0000000116a675b0 [0x0000000116a67500+0xb0]
j  org.springframework.boot.devtools.restart.RestartLauncher.run()V+42
v  ~StubRoutines::call_stub
V  [libjvm.dylib+0x2f0d1e]
V  [libjvm.dylib+0x2f14c2]
V  [libjvm.dylib+0x2f166e]
V  [libjvm.dylib+0x34bf5d]
V  [libjvm.dylib+0x570b93]
V  [libjvm.dylib+0x57228e]
V  [libjvm.dylib+0x48f30a]
C  [libsystem_pthread.dylib+0x5e65]  _pthread_start+0x94
C  [libsystem_pthread.dylib+0x183b]  thread_start+0xf
C  0x0000000000000000

Java frames: (J=compiled Java code, j=interpreted, Vv=VM code)
J 88  java.util.zip.ZipFile.getEntry(J[BZ)J (0 bytes) @ 0x0000000116390cd8 [0x0000000116390c80+0x58]
J 3332 C2 java.util.jar.JarFile.getEntry(Ljava/lang/String;)Ljava/util/zip/ZipEntry; (22 bytes) @ 0x0000000116dace88 [0x0000000116dacb00+0x388]
J 1198 C2 sun.misc.URLClassPath$JarLoader.getResource(Ljava/lang/String;Z)Lsun/misc/Resource; (85 bytes) @ 0x00000001166744e4 [0x0000000116674460+0x84]
J 8065 C2 sun.misc.URLClassPath$1.next()Z (63 bytes) @ 0x00000001177af87c [0x00000001177af7c0+0xbc]
J 4006 C1 sun.misc.URLClassPath$1.hasMoreElements()Z (5 bytes) @ 0x0000000116f9eca4 [0x0000000116f9ec40+0x64]
J 3379 C1 java.net.URLClassLoader$3$1.run()Ljava/lang/Object; (5 bytes) @ 0x0000000116daa014 [0x0000000116da9ea0+0x174]
v  ~StubRoutines::call_stub
J 1583  java.security.AccessController.doPrivileged(Ljava/security/PrivilegedAction;Ljava/security/AccessControlContext;)Ljava/lang/Object; (0 bytes) @ 0x0000000116762fe3 [0x0000000116762f80+0x63]
J 3123 C1 java.net.URLClassLoader$3.next()Z (73 bytes) @ 0x0000000116ce4c34 [0x0000000116ce4a60+0x1d4]
J 3127 C1 java.net.URLClassLoader$3.hasMoreElements()Z (5 bytes) @ 0x0000000116ce407c [0x0000000116ce4000+0x7c]
J 3126 C1 sun.misc.CompoundEnumeration.next()Z (58 bytes) @ 0x0000000116ce4584 [0x0000000116ce43e0+0x1a4]
J 3378 C1 sun.misc.CompoundEnumeration.hasMoreElements()Z (5 bytes) @ 0x0000000116db6c7c [0x0000000116db6c00+0x7c]
J 7943 C1 org.springframework.core.io.support.SpringFactoriesLoader.loadSpringFactories(Ljava/lang/ClassLoader;)Ljava/util/Map; (238 bytes) @ 0x000000011772db8c [0x000000011772da40+0x14c]
j  org.springframework.core.io.support.SpringFactoriesLoader.loadFactoryNames(Ljava/lang/Class;Ljava/lang/ClassLoader;)Ljava/util/List;+18
j  org.springframework.boot.SpringApplication.getSpringFactoriesInstances(Ljava/lang/Class;[Ljava/lang/Class;[Ljava/lang/Object;)Ljava/util/Collection;+13
j  org.springframework.boot.SpringApplication.getSpringFactoriesInstances(Ljava/lang/Class;)Ljava/util/Collection;+10
j  org.springframework.boot.SpringApplication.<init>(Lorg/springframework/core/io/ResourceLoader;[Ljava/lang/Class;)V+119
j  org.springframework.boot.SpringApplication.<init>([Ljava/lang/Class;)V+3
j  org.springframework.boot.SpringApplication.run([Ljava/lang/Class;[Ljava/lang/String;)Lorg/springframework/context/ConfigurableApplicationContext;+5
j  org.springframework.boot.SpringApplication.run(Ljava/lang/Class;[Ljava/lang/String;)Lorg/springframework/context/ConfigurableApplicationContext;+9
j  com.itgma.shreyas.technicaltest.TechnicalTestApplication.main([Ljava/lang/String;)V+3
v  ~StubRoutines::call_stub
J 2359  sun.reflect.NativeMethodAccessorImpl.invoke0(Ljava/lang/reflect/Method;Ljava/lang/Object;[Ljava/lang/Object;)Ljava/lang/Object; (0 bytes) @ 0x00000001169e89f7 [0x00000001169e8980+0x77]
J 2358 C1 sun.reflect.NativeMethodAccessorImpl.invoke(Ljava/lang/Object;[Ljava/lang/Object;)Ljava/lang/Object; (104 bytes) @ 0x00000001169ea014 [0x00000001169e8e40+0x11d4]
J 6563 C2 java.lang.reflect.Method.invoke(Ljava/lang/Object;[Ljava/lang/Object;)Ljava/lang/Object; (62 bytes) @ 0x0000000116a675b0 [0x0000000116a67500+0xb0]
j  org.springframework.boot.devtools.restart.RestartLauncher.run()V+42
v  ~StubRoutines::call_stub

---------------  P R O C E S S  ---------------

Java Threads: ( => current thread )
=>0x00007fb37caaf000 JavaThread "restartedMain" [_thread_in_native, id=25903, stack(0x000070000f1e0000,0x000070000f2e0000)]
  0x00007fb37b908800 JavaThread "Thread-51" [_thread_blocked, id=16699, stack(0x000070000edd4000,0x000070000eed4000)]
  0x00007fb37ff99000 JavaThread "File Watcher" daemon [_thread_blocked, id=21795, stack(0x000070000f0dd000,0x000070000f1dd000)]
  0x00007fb37e0f9800 JavaThread "File Watcher" daemon [_thread_blocked, id=42271, stack(0x000070000efda000,0x000070000f0da000)]
  0x00007fb37baed800 JavaThread "File Watcher" daemon [_thread_blocked, id=16403, stack(0x000070000eed7000,0x000070000efd7000)]
  0x00007fb37fc29000 JavaThread "DestroyJavaVM" [_thread_blocked, id=3587, stack(0x000070000dea4000,0x000070000dfa4000)]
  0x00007fb37b660800 JavaThread "Live Reload Server" daemon [_thread_in_native, id=22279, stack(0x000070000f4e9000,0x000070000f5e9000)]
  0x00007fb37b846000 JavaThread "Service Thread" daemon [_thread_blocked, id=14595, stack(0x000070000ebce000,0x000070000ecce000)]
  0x00007fb37c030000 JavaThread "C1 CompilerThread2" daemon [_thread_blocked, id=18179, stack(0x000070000eacb000,0x000070000ebcb000)]
  0x00007fb37c02f800 JavaThread "C2 CompilerThread1" daemon [_thread_blocked, id=13827, stack(0x000070000e9c8000,0x000070000eac8000)]
  0x00007fb37c02d800 JavaThread "C2 CompilerThread0" daemon [_thread_blocked, id=18691, stack(0x000070000e8c5000,0x000070000e9c5000)]
  0x00007fb37c02d000 JavaThread "Signal Dispatcher" daemon [_thread_blocked, id=13315, stack(0x000070000e7c2000,0x000070000e8c2000)]
  0x00007fb37c833800 JavaThread "Finalizer" daemon [_thread_blocked, id=11779, stack(0x000070000e5b9000,0x000070000e6b9000)]
  0x00007fb37c832800 JavaThread "Reference Handler" daemon [_thread_blocked, id=21251, stack(0x000070000e4b6000,0x000070000e5b6000)]

Other Threads:
  0x00007fb37c82c000 VMThread [stack: 0x000070000e3b3000,0x000070000e4b3000] [id=11011]
  0x00007fb37c837000 WatcherThread [stack: 0x000070000ecd1000,0x000070000edd1000] [id=17923]

VM state:not at safepoint (normal execution)

VM Mutex/Monitor currently owned by a thread: None

heap address: 0x0000000740000000, size: 2048 MB, Compressed Oops mode: Zero based, Oop shift amount: 3
Narrow klass base: 0x0000000000000000, Narrow klass shift: 3
Compressed class space size: 1073741824 Address: 0x00000007c0000000

Heap:
 PSYoungGen      total 316928K, used 2674K [0x0000000795580000, 0x00000007a9980000, 0x00000007c0000000)
  eden space 303104K, 0% used [0x0000000795580000,0x000000079581cbd8,0x00000007a7d80000)
  from space 13824K, 0% used [0x00000007a8c00000,0x00000007a8c00000,0x00000007a9980000)
  to   space 14336K, 0% used [0x00000007a7d80000,0x00000007a7d80000,0x00000007a8b80000)
 ParOldGen       total 114688K, used 23685K [0x0000000740000000, 0x0000000747000000, 0x0000000795580000)
  object space 114688K, 20% used [0x0000000740000000,0x0000000741721638,0x0000000747000000)
 Metaspace       used 60308K, capacity 64892K, committed 65024K, reserved 1105920K
  class space    used 7672K, capacity 8581K, committed 8704K, reserved 1048576K

Card table byte_map: [0x000000010ad79000,0x000000010b17a000] byte_map_base: 0x0000000107379000

Marking Bits: (ParMarkBitMap*) 0x000000010a2fbe40
 Begin Bits: [0x000000010b425000, 0x000000010d425000)
 End Bits:   [0x000000010d425000, 0x000000010f425000)

Polling page: 0x0000000109071000

CodeCache: size=245760Kb used=23714Kb max_used=23855Kb free=222045Kb
 bounds [0x0000000116269000, 0x00000001179d9000, 0x0000000125269000]
 total_blobs=7947 nmethods=7402 adapters=457
 compilation: enabled

Compilation events (10 events):
Event: 1976.604 Thread 0x00007fb37c030000 8884       3       sun.misc.Unsafe::getAndSetObject (24 bytes)
Event: 1976.604 Thread 0x00007fb37c030000 nmethod 8884 0x000000011675bb90 code [0x000000011675bd00, 0x000000011675bf30]
Event: 1976.812 Thread 0x00007fb37c030000 8885       3       java.lang.Thread::init (12 bytes)
Event: 1976.813 Thread 0x00007fb37c030000 nmethod 8885 0x0000000116cfa510 code [0x0000000116cfa680, 0x0000000116cfa828]
Event: 1976.817 Thread 0x00007fb37c030000 8886       3       java.lang.Thread::init (214 bytes)
Event: 1977.068 Thread 0x00007fb37c030000 nmethod 8886 0x0000000116e8d4d0 code [0x0000000116e8d840, 0x0000000116e8f9c8]
Event: 1977.069 Thread 0x00007fb37c030000 8887  s    3       java.lang.Thread::nextThreadID (10 bytes)
Event: 1977.070 Thread 0x00007fb37c030000 nmethod 8887 0x000000011662f1d0 code [0x000000011662f340, 0x000000011662f610]
Event: 1977.083 Thread 0x00007fb37c02f800 8888       4       sun.net.www.protocol.jar.URLJarFile::finalize (5 bytes)
Event: 1977.087 Thread 0x00007fb37c02f800 nmethod 8888 0x000000011669e9d0 code [0x000000011669eb60, 0x000000011669efa8]

GC Heap History (10 events):
Event: 1877.343 GC heap before
{Heap before GC invocations=26 (full 10):
 PSYoungGen      total 317952K, used 7541K [0x0000000795580000, 0x00000007a9b80000, 0x00000007c0000000)
  eden space 303104K, 0% used [0x0000000795580000,0x0000000795580000,0x00000007a7d80000)
  from space 14848K, 50% used [0x00000007a8d00000,0x00000007a945d570,0x00000007a9b80000)
  to   space 15360K, 0% used [0x00000007a7d80000,0x00000007a7d80000,0x00000007a8c80000)
 ParOldGen       total 114688K, used 23175K [0x0000000740000000, 0x0000000747000000, 0x0000000795580000)
  object space 114688K, 20% used [0x0000000740000000,0x00000007416a1f20,0x0000000747000000)
 Metaspace       used 59515K, capacity 63876K, committed 64128K, reserved 1105920K
  class space    used 7616K, capacity 8455K, committed 8576K, reserved 1048576K
Event: 1877.789 GC heap after
Heap after GC invocations=26 (full 10):
 PSYoungGen      total 317952K, used 0K [0x0000000795580000, 0x00000007a9b80000, 0x00000007c0000000)
  eden space 303104K, 0% used [0x0000000795580000,0x0000000795580000,0x00000007a7d80000)
  from space 14848K, 0% used [0x00000007a8d00000,0x00000007a8d00000,0x00000007a9b80000)
  to   space 15360K, 0% used [0x00000007a7d80000,0x00000007a7d80000,0x00000007a8c80000)
 ParOldGen       total 114688K, used 23016K [0x0000000740000000, 0x0000000747000000, 0x0000000795580000)
  object space 114688K, 20% used [0x0000000740000000,0x000000074167a3a0,0x0000000747000000)
 Metaspace       used 59513K, capacity 63870K, committed 64128K, reserved 1105920K
  class space    used 7616K, capacity 8453K, committed 8576K, reserved 1048576K
}
Event: 1904.185 GC heap before
{Heap before GC invocations=27 (full 10):
 PSYoungGen      total 317952K, used 196756K [0x0000000795580000, 0x00000007a9b80000, 0x00000007c0000000)
  eden space 303104K, 64% used [0x0000000795580000,0x00000007a15a5198,0x00000007a7d80000)
  from space 14848K, 0% used [0x00000007a8d00000,0x00000007a8d00000,0x00000007a9b80000)
  to   space 15360K, 0% used [0x00000007a7d80000,0x00000007a7d80000,0x00000007a8c80000)
 ParOldGen       total 114688K, used 23016K [0x0000000740000000, 0x0000000747000000, 0x0000000795580000)
  object space 114688K, 20% used [0x0000000740000000,0x000000074167a3a0,0x0000000747000000)
 Metaspace       used 60003K, capacity 64564K, committed 64640K, reserved 1105920K
  class space    used 7653K, capacity 8531K, committed 8576K, reserved 1048576K
Event: 1904.213 GC heap after
Heap after GC invocations=27 (full 10):
 PSYoungGen      total 311296K, used 8017K [0x0000000795580000, 0x00000007a9a80000, 0x00000007c0000000)
  eden space 303104K, 0% used [0x0000000795580000,0x0000000795580000,0x00000007a7d80000)
  from space 8192K, 97% used [0x00000007a7d80000,0x00000007a85546d8,0x00000007a8580000)
  to   space 14848K, 0% used [0x00000007a8c00000,0x00000007a8c00000,0x00000007a9a80000)
 ParOldGen       total 114688K, used 23024K [0x0000000740000000, 0x0000000747000000, 0x0000000795580000)
  object space 114688K, 20% used [0x0000000740000000,0x000000074167c3a0,0x0000000747000000)
 Metaspace       used 60003K, capacity 64564K, committed 64640K, reserved 1105920K
  class space    used 7653K, capacity 8531K, committed 8576K, reserved 1048576K
}
Event: 1904.213 GC heap before
{Heap before GC invocations=28 (full 11):
 PSYoungGen      total 311296K, used 8017K [0x0000000795580000, 0x00000007a9a80000, 0x00000007c0000000)
  eden space 303104K, 0% used [0x0000000795580000,0x0000000795580000,0x00000007a7d80000)
  from space 8192K, 97% used [0x00000007a7d80000,0x00000007a85546d8,0x00000007a8580000)
  to   space 14848K, 0% used [0x00000007a8c00000,0x00000007a8c00000,0x00000007a9a80000)
 ParOldGen       total 114688K, used 23024K [0x0000000740000000, 0x0000000747000000, 0x0000000795580000)
  object space 114688K, 20% used [0x0000000740000000,0x000000074167c3a0,0x0000000747000000)
 Metaspace       used 60003K, capacity 64564K, committed 64640K, reserved 1105920K
  class space    used 7653K, capacity 8531K, committed 8576K, reserved 1048576K
Event: 1904.499 GC heap after
Heap after GC invocations=28 (full 11):
 PSYoungGen      total 311296K, used 0K [0x0000000795580000, 0x00000007a9a80000, 0x00000007c0000000)
  eden space 303104K, 0% used [0x0000000795580000,0x0000000795580000,0x00000007a7d80000)
  from space 8192K, 0% used [0x00000007a7d80000,0x00000007a7d80000,0x00000007a8580000)
  to   space 14848K, 0% used [0x00000007a8c00000,0x00000007a8c00000,0x00000007a9a80000)
 ParOldGen       total 114688K, used 23597K [0x0000000740000000, 0x0000000747000000, 0x0000000795580000)
  object space 114688K, 20% used [0x0000000740000000,0x000000074170b698,0x0000000747000000)
 Metaspace       used 60001K, capacity 64558K, committed 64640K, reserved 1105920K
  class space    used 7653K, capacity 8529K, committed 8576K, reserved 1048576K
}
Event: 1976.818 GC heap before
{Heap before GC invocations=29 (full 11):
 PSYoungGen      total 311296K, used 204722K [0x0000000795580000, 0x00000007a9a80000, 0x00000007c0000000)
  eden space 303104K, 67% used [0x0000000795580000,0x00000007a1d6c920,0x00000007a7d80000)
  from space 8192K, 0% used [0x00000007a7d80000,0x00000007a7d80000,0x00000007a8580000)
  to   space 14848K, 0% used [0x00000007a8c00000,0x00000007a8c00000,0x00000007a9a80000)
 ParOldGen       total 114688K, used 23597K [0x0000000740000000, 0x0000000747000000, 0x0000000795580000)
  object space 114688K, 20% used [0x0000000740000000,0x000000074170b698,0x0000000747000000)
 Metaspace       used 60306K, capacity 64892K, committed 65024K, reserved 1105920K
  class space    used 7672K, capacity 8581K, committed 8704K, reserved 1048576K
Event: 1976.829 GC heap after
Heap after GC invocations=29 (full 11):
 PSYoungGen      total 316928K, used 7901K [0x0000000795580000, 0x00000007a9980000, 0x00000007c0000000)
  eden space 303104K, 0% used [0x0000000795580000,0x0000000795580000,0x00000007a7d80000)
  from space 13824K, 57% used [0x00000007a8c00000,0x00000007a93b7600,0x00000007a9980000)
  to   space 14336K, 0% used [0x00000007a7d80000,0x00000007a7d80000,0x00000007a8b80000)
 ParOldGen       total 114688K, used 23605K [0x0000000740000000, 0x0000000747000000, 0x0000000795580000)
  object space 114688K, 20% used [0x0000000740000000,0x000000074170d698,0x0000000747000000)
 Metaspace       used 60306K, capacity 64892K, committed 65024K, reserved 1105920K
  class space    used 7672K, capacity 8581K, committed 8704K, reserved 1048576K
}
Event: 1976.829 GC heap before
{Heap before GC invocations=30 (full 12):
 PSYoungGen      total 316928K, used 7901K [0x0000000795580000, 0x00000007a9980000, 0x00000007c0000000)
  eden space 303104K, 0% used [0x0000000795580000,0x0000000795580000,0x00000007a7d80000)
  from space 13824K, 57% used [0x00000007a8c00000,0x00000007a93b7600,0x00000007a9980000)
  to   space 14336K, 0% used [0x00000007a7d80000,0x00000007a7d80000,0x00000007a8b80000)
 ParOldGen       total 114688K, used 23605K [0x0000000740000000, 0x0000000747000000, 0x0000000795580000)
  object space 114688K, 20% used [0x0000000740000000,0x000000074170d698,0x0000000747000000)
 Metaspace       used 60306K, capacity 64892K, committed 65024K, reserved 1105920K
  class space    used 7672K, capacity 8581K, committed 8704K, reserved 1048576K
Event: 1977.065 GC heap after
Heap after GC invocations=30 (full 12):
 PSYoungGen      total 316928K, used 0K [0x0000000795580000, 0x00000007a9980000, 0x00000007c0000000)
  eden space 303104K, 0% used [0x0000000795580000,0x0000000795580000,0x00000007a7d80000)
  from space 13824K, 0% used [0x00000007a8c00000,0x00000007a8c00000,0x00000007a9980000)
  to   space 14336K, 0% used [0x00000007a7d80000,0x00000007a7d80000,0x00000007a8b80000)
 ParOldGen       total 114688K, used 23685K [0x0000000740000000, 0x0000000747000000, 0x0000000795580000)
  object space 114688K, 20% used [0x0000000740000000,0x0000000741721638,0x0000000747000000)
 Metaspace       used 60304K, capacity 64886K, committed 65024K, reserved 1105920K
  class space    used 7671K, capacity 8579K, committed 8704K, reserved 1048576K
}

Deoptimization events (10 events):
Event: 635.578 Thread 0x00007fb37e103800 Uncommon trap: reason=class_check action=maybe_recompile pc=0x0000000116cd7678 method=java.lang.reflect.Method.equals(Ljava/lang/Object;)Z @ 5
Event: 639.261 Thread 0x00007fb37edb7000 Uncommon trap: reason=class_check action=maybe_recompile pc=0x0000000116febee0 method=java.util.concurrent.locks.ReentrantLock.lock()V @ 4
Event: 639.261 Thread 0x00007fb37edb7000 Uncommon trap: reason=class_check action=maybe_recompile pc=0x0000000116febee0 method=java.util.concurrent.locks.ReentrantLock.lock()V @ 4
Event: 640.361 Thread 0x00007fb37e233800 Uncommon trap: reason=class_check action=maybe_recompile pc=0x00000001164152a8 method=java.net.URL.getURLStreamHandler(Ljava/lang/String;)Ljava/net/URLStreamHandler; @ 7
Event: 957.234 Thread 0x00007fb37ba9f000 Uncommon trap: reason=unstable_if action=reinterpret pc=0x0000000117325030 method=java.util.AbstractCollection.containsAll(Ljava/util/Collection;)Z @ 28
Event: 964.772 Thread 0x00007fb37b1b5800 Uncommon trap: reason=null_check action=make_not_entrant pc=0x000000011734ee84 method=org.springframework.beans.factory.support.AbstractBeanFactory.clearMergedBeanDefinition(Ljava/lang/String;)V @ 10
Event: 1350.331 Thread 0x00007fb37e644800 Uncommon trap: reason=null_check action=make_not_entrant pc=0x00000001175dabf0 method=java.lang.Class.isAnnotation()Z @ 1
Event: 1877.821 Thread 0x00007fb37b1b7800 Uncommon trap: reason=unstable_if action=reinterpret pc=0x0000000117392fec method=org.springframework.boot.context.properties.source.SpringIterableConfigurationPropertySource$Mappings.updateMappings([Ljava/lang/String;)V @ 215
Event: 1877.822 Thread 0x00007fb37b1b7800 Uncommon trap: reason=unstable_if action=reinterpret pc=0x000000011771c4e8 method=org.springframework.boot.context.properties.source.SpringIterableConfigurationPropertySource$Mappings.getConfigurationPropertyNames([Ljava/lang/String;)[Lorg/springframework
Event: 1879.753 Thread 0x00007fb37b1b7800 Uncommon trap: reason=null_check action=make_not_entrant pc=0x00000001178142b8 method=sun.reflect.Reflection.filterFields(Ljava/lang/Class;[Ljava/lang/reflect/Field;)[Ljava/lang/reflect/Field; @ 18

Classes redefined (0 events):
No events

Internal exceptions (10 events):
Event: 1876.884 Thread 0x00007fb37eb4b800 Exception <a 'java/lang/InterruptedException': sleep interrupted> (0x00000007a6517508) thrown at [/Users/java_re/workspace/8-2-build-macosx-x86_64/jdk8u211/12973/hotspot/src/share/vm/prims/jvm.cpp, line 3336]
Event: 1877.813 Thread 0x00007fb37b1b7800 Exception <a 'java/io/FileNotFoundException'> (0x0000000795a3fcf0) thrown at [/Users/java_re/workspace/8-2-build-macosx-x86_64/jdk8u211/12973/hotspot/src/share/vm/prims/jni.cpp, line 710]
Event: 1879.502 Thread 0x00007fb37b1b7800 Exception <a 'java/io/FileNotFoundException'> (0x000000079d0bdf30) thrown at [/Users/java_re/workspace/8-2-build-macosx-x86_64/jdk8u211/12973/hotspot/src/share/vm/prims/jni.cpp, line 710]
Event: 1879.598 Thread 0x00007fb37b1b7800 Exception <a 'java/io/FileNotFoundException'> (0x000000079d5a9080) thrown at [/Users/java_re/workspace/8-2-build-macosx-x86_64/jdk8u211/12973/hotspot/src/share/vm/prims/jni.cpp, line 710]
Event: 1879.753 Thread 0x00007fb37b1b7800 Implicit null exception at 0x0000000117812820 to 0x00000001178142a5
Event: 1903.972 Thread 0x00007fb37e689000 Exception <a 'java/lang/InterruptedException': sleep interrupted> (0x00000007a13abef0) thrown at [/Users/java_re/workspace/8-2-build-macosx-x86_64/jdk8u211/12973/hotspot/src/share/vm/prims/jvm.cpp, line 3336]
Event: 1904.518 Thread 0x00007fb37e689000 Exception <a 'java/io/FileNotFoundException'> (0x00000007959ad6c0) thrown at [/Users/java_re/workspace/8-2-build-macosx-x86_64/jdk8u211/12973/hotspot/src/share/vm/prims/jni.cpp, line 710]
Event: 1905.341 Thread 0x00007fb37e689000 Exception <a 'java/io/FileNotFoundException'> (0x000000079cf61768) thrown at [/Users/java_re/workspace/8-2-build-macosx-x86_64/jdk8u211/12973/hotspot/src/share/vm/prims/jni.cpp, line 710]
Event: 1905.382 Thread 0x00007fb37e689000 Exception <a 'java/io/FileNotFoundException'> (0x000000079d445e50) thrown at [/Users/java_re/workspace/8-2-build-macosx-x86_64/jdk8u211/12973/hotspot/src/share/vm/prims/jni.cpp, line 710]
Event: 1976.595 Thread 0x00007fb37caaf000 Exception <a 'java/lang/InterruptedException': sleep interrupted> (0x00000007a1b73678) thrown at [/Users/java_re/workspace/8-2-build-macosx-x86_64/jdk8u211/12973/hotspot/src/share/vm/prims/jvm.cpp, line 3336]

Events (10 events):
Event: 1977.083 Executing VM operation: RevokeBias
Event: 1977.083 Executing VM operation: RevokeBias done
Event: 1977.083 Thread 0x00007fb37caaf000 Thread exited: 0x00007fb37caaf000
Event: 1977.084 Thread 0x00007fb37caaf000 Thread added: 0x00007fb37caaf000
Event: 1977.084 Executing VM operation: RevokeBias
Event: 1977.084 Executing VM operation: RevokeBias done
Event: 1977.085 loading class org/springframework/web/reactive/DispatcherHandler
Event: 1977.085 loading class org/springframework/web/reactive/DispatcherHandler done
Event: 1977.086 loading class org/springframework/web/reactive$DispatcherHandler
Event: 1977.086 loading class org/springframework/web/reactive$DispatcherHandler done


Dynamic libraries:
0x00007fff387f3000 	/System/Library/Frameworks/Cocoa.framework/Versions/A/Cocoa
0x00007fff45dc1000 	/System/Library/Frameworks/Security.framework/Versions/A/Security
0x00007fff3777d000 	/System/Library/Frameworks/ApplicationServices.framework/Versions/A/ApplicationServices
0x00007fff701ee000 	/usr/lib/libz.1.dylib
0x00007fff6dcbd000 	/usr/lib/libSystem.B.dylib
0x00007fff6fb12000 	/usr/lib/libobjc.A.dylib
0x00007fff3976a000 	/System/Library/Frameworks/CoreFoundation.framework/Versions/A/CoreFoundation
0x00007fff3be2f000 	/System/Library/Frameworks/Foundation.framework/Versions/C/Foundation
0x00007fff36972000 	/System/Library/Frameworks/AppKit.framework/Versions/C/AppKit
0x00007fff39276000 	/System/Library/Frameworks/CoreData.framework/Versions/A/CoreData
0x00007fff6a565000 	/System/Library/PrivateFrameworks/UIFoundation.framework/Versions/A/UIFoundation
0x00007fff64d41000 	/System/Library/PrivateFrameworks/RemoteViewServices.framework/Versions/A/RemoteViewServices
0x00007fff6cff8000 	/System/Library/PrivateFrameworks/XCTTargetBootstrap.framework/Versions/A/XCTTargetBootstrap
0x00007fff39659000 	/System/Library/Frameworks/CoreDisplay.framework/Versions/A/CoreDisplay
0x00007fff3eba7000 	/System/Library/Frameworks/Metal.framework/Versions/A/Metal
0x00007fff53147000 	/System/Library/PrivateFrameworks/DesktopServicesPriv.framework/Versions/A/DesktopServicesPriv
0x00007fff6edf3000 	/usr/lib/liblangid.dylib
0x00007fff52293000 	/System/Library/PrivateFrameworks/CoreSVG.framework/Versions/A/CoreSVG
0x00007fff67b08000 	/System/Library/PrivateFrameworks/SkyLight.framework/Versions/A/SkyLight
0x00007fff39bec000 	/System/Library/Frameworks/CoreGraphics.framework/Versions/A/CoreGraphics
0x00007fff35511000 	/System/Library/Frameworks/Accelerate.framework/Versions/A/Accelerate
0x00007fff700df000 	/usr/lib/libxml2.2.dylib
0x00007fff5de6b000 	/System/Library/PrivateFrameworks/IconServices.framework/Versions/A/IconServices
0x00007fff3c614000 	/System/Library/Frameworks/IOSurface.framework/Versions/A/IOSurface
0x00007fff6d7f5000 	/usr/lib/libDiagnosticMessagesClient.dylib
0x00007fff52fc0000 	/System/Library/PrivateFrameworks/DFRFoundation.framework/Versions/A/DFRFoundation
0x00007fff6eb81000 	/usr/lib/libicucore.A.dylib
0x00007fff37aaf000 	/System/Library/Frameworks/AudioToolbox.framework/Versions/A/AudioToolbox
0x00007fff37b91000 	/System/Library/Frameworks/AudioUnit.framework/Versions/A/AudioUnit
0x00007fff6debe000 	/usr/lib/libauto.dylib
0x00007fff53041000 	/System/Library/PrivateFrameworks/DataDetectorsCore.framework/Versions/A/DataDetectorsCore
0x00007fff38313000 	/System/Library/Frameworks/Carbon.framework/Versions/A/Frameworks/HIToolbox.framework/Versions/A/HIToolbox
0x00007fff44ff2000 	/System/Library/Frameworks/QuartzCore.framework/Versions/A/QuartzCore
0x00007fff38652000 	/System/Library/Frameworks/Carbon.framework/Versions/A/Frameworks/SpeechRecognition.framework/Versions/A/SpeechRecognition
0x00007fff52946000 	/System/Library/PrivateFrameworks/CoreUI.framework/Versions/A/CoreUI
0x00007fff38cdc000 	/System/Library/Frameworks/CoreAudio.framework/Versions/A/CoreAudio
0x00007fff3baf7000 	/System/Library/Frameworks/DiskArbitration.framework/Versions/A/DiskArbitration
0x00007fff5fe80000 	/System/Library/PrivateFrameworks/MultitouchSupport.framework/Versions/A/MultitouchSupport
0x00007fff6ea47000 	/usr/lib/libenergytrace.dylib
0x00007fff3c56f000 	/System/Library/Frameworks/IOKit.framework/Versions/A/IOKit
0x00007fff3ab5a000 	/System/Library/Frameworks/CoreServices.framework/Versions/A/CoreServices
0x00007fff61f8d000 	/System/Library/PrivateFrameworks/PerformanceAnalysis.framework/Versions/A/PerformanceAnalysis
0x00007fff44028000 	/System/Library/Frameworks/OpenGL.framework/Versions/A/OpenGL
0x00007fff38801000 	/System/Library/Frameworks/ColorSync.framework/Versions/A/ColorSync
0x00007fff3a273000 	/System/Library/Frameworks/CoreImage.framework/Versions/A/CoreImage
0x00007fff3b5d0000 	/System/Library/Frameworks/CoreText.framework/Versions/A/CoreText
0x00007fff3c69a000 	/System/Library/Frameworks/ImageIO.framework/Versions/A/ImageIO
0x00007fff6dfa3000 	/usr/lib/libc++.1.dylib
0x00007fff6e01f000 	/usr/lib/libcompression.dylib
0x00007fff6db37000 	/usr/lib/libMobileGestalt.dylib
0x00007fff69647000 	/System/Library/PrivateFrameworks/TextureIO.framework/Versions/A/TextureIO
0x00007fff6de24000 	/usr/lib/libate.dylib
0x00007fff5e074000 	/System/Library/PrivateFrameworks/InternationalSupport.framework/Versions/A/InternationalSupport
0x00007fff70c64000 	/usr/lib/system/libcache.dylib
0x00007fff70c6a000 	/usr/lib/system/libcommonCrypto.dylib
0x00007fff70c76000 	/usr/lib/system/libcompiler_rt.dylib
0x00007fff70c7e000 	/usr/lib/system/libcopyfile.dylib
0x00007fff70c88000 	/usr/lib/system/libcorecrypto.dylib
0x00007fff70e36000 	/usr/lib/system/libdispatch.dylib
0x00007fff70e78000 	/usr/lib/system/libdyld.dylib
0x00007fff70eae000 	/usr/lib/system/libkeymgr.dylib
0x00007fff70ebc000 	/usr/lib/system/liblaunch.dylib
0x00007fff70ebd000 	/usr/lib/system/libmacho.dylib
0x00007fff70ec3000 	/usr/lib/system/libquarantine.dylib
0x00007fff70ec6000 	/usr/lib/system/libremovefile.dylib
0x00007fff70ec8000 	/usr/lib/system/libsystem_asl.dylib
0x00007fff70ee0000 	/usr/lib/system/libsystem_blocks.dylib
0x00007fff70ee1000 	/usr/lib/system/libsystem_c.dylib
0x00007fff70f69000 	/usr/lib/system/libsystem_configuration.dylib
0x00007fff70f6d000 	/usr/lib/system/libsystem_coreservices.dylib
0x00007fff70f71000 	/usr/lib/system/libsystem_darwin.dylib
0x00007fff70f7a000 	/usr/lib/system/libsystem_dnssd.dylib
0x00007fff70f82000 	/usr/lib/system/libsystem_featureflags.dylib
0x00007fff70f84000 	/usr/lib/system/libsystem_info.dylib
0x00007fff70fff000 	/usr/lib/system/libsystem_m.dylib
0x00007fff71047000 	/usr/lib/system/libsystem_malloc.dylib
0x00007fff7106f000 	/usr/lib/system/libsystem_networkextension.dylib
0x00007fff7107d000 	/usr/lib/system/libsystem_notify.dylib
0x00007fff7109c000 	/usr/lib/system/libsystem_sandbox.dylib
0x00007fff710a1000 	/usr/lib/system/libsystem_secinit.dylib
0x00007fff70fd2000 	/usr/lib/system/libsystem_kernel.dylib
0x00007fff71087000 	/usr/lib/system/libsystem_platform.dylib
0x00007fff71091000 	/usr/lib/system/libsystem_pthread.dylib
0x00007fff710a4000 	/usr/lib/system/libsystem_symptoms.dylib
0x00007fff710ac000 	/usr/lib/system/libsystem_trace.dylib
0x00007fff710c4000 	/usr/lib/system/libunwind.dylib
0x00007fff710ca000 	/usr/lib/system/libxpc.dylib
0x00007fff6dff7000 	/usr/lib/libc++abi.dylib
0x00007fff6edf5000 	/usr/lib/liblzma.5.dylib
0x00007fff6ea6f000 	/usr/lib/libfakelink.dylib
0x00007fff6ddb1000 	/usr/lib/libarchive.2.dylib
0x00007fff46f63000 	/System/Library/Frameworks/SystemConfiguration.framework/Versions/A/SystemConfiguration
0x00007fff6d726000 	/usr/lib/libCRFSuite.dylib
0x00007fff37f07000 	/System/Library/Frameworks/CFNetwork.framework/Versions/A/CFNetwork
0x00007fff6df85000 	/usr/lib/libbsm.0.dylib
0x00007fff70eaf000 	/usr/lib/system/libkxld.dylib
0x00007fff4ca77000 	/System/Library/PrivateFrameworks/AppleFSCompression.framework/Versions/A/AppleFSCompression
0x00007fff6e306000 	/usr/lib/libcoretls.dylib
0x00007fff6e31d000 	/usr/lib/libcoretls_cfhelpers.dylib
0x00007fff6fb56000 	/usr/lib/libpam.2.dylib
0x00007fff6fc89000 	/usr/lib/libsqlite3.dylib
0x00007fff700cc000 	/usr/lib/libxar.1.dylib
0x00007fff6df96000 	/usr/lib/libbz2.1.0.dylib
0x00007fff6ea90000 	/usr/lib/libiconv.2.dylib
0x00007fff6e00c000 	/usr/lib/libcharset.1.dylib
0x00007fff6f5fd000 	/usr/lib/libnetwork.dylib
0x00007fff6fb5d000 	/usr/lib/libpcap.A.dylib
0x00007fff6dd66000 	/usr/lib/libapple_nghttp2.dylib
0x00007fff3af11000 	/System/Library/Frameworks/CoreServices.framework/Versions/A/Frameworks/FSEvents.framework/Versions/A/FSEvents
0x00007fff3abe1000 	/System/Library/Frameworks/CoreServices.framework/Versions/A/Frameworks/CarbonCore.framework/Versions/A/CarbonCore
0x00007fff3b154000 	/System/Library/Frameworks/CoreServices.framework/Versions/A/Frameworks/Metadata.framework/Versions/A/Metadata
0x00007fff3b1ed000 	/System/Library/Frameworks/CoreServices.framework/Versions/A/Frameworks/OSServices.framework/Versions/A/OSServices
0x00007fff3b21b000 	/System/Library/Frameworks/CoreServices.framework/Versions/A/Frameworks/SearchKit.framework/Versions/A/SearchKit
0x00007fff3ab5b000 	/System/Library/Frameworks/CoreServices.framework/Versions/A/Frameworks/AE.framework/Versions/A/AE
0x00007fff3af1a000 	/System/Library/Frameworks/CoreServices.framework/Versions/A/Frameworks/LaunchServices.framework/Versions/A/LaunchServices
0x00007fff3aec3000 	/System/Library/Frameworks/CoreServices.framework/Versions/A/Frameworks/DictionaryServices.framework/Versions/A/DictionaryServices
0x00007fff3b283000 	/System/Library/Frameworks/CoreServices.framework/Versions/A/Frameworks/SharedFileList.framework/Versions/A/SharedFileList
0x00007fff3fe7c000 	/System/Library/Frameworks/NetFS.framework/Versions/A/NetFS
0x00007fff603b0000 	/System/Library/PrivateFrameworks/NetAuth.framework/Versions/A/NetAuth
0x00007fff6d3c3000 	/System/Library/PrivateFrameworks/login.framework/Versions/A/Frameworks/loginsupport.framework/Versions/A/loginsupport
0x00007fff69142000 	/System/Library/PrivateFrameworks/TCC.framework/Versions/A/TCC
0x00007fff51662000 	/System/Library/PrivateFrameworks/CoreNLP.framework/Versions/A/CoreNLP
0x00007fff5f8b0000 	/System/Library/PrivateFrameworks/MetadataUtilities.framework/Versions/A/MetadataUtilities
0x00007fff6eecd000 	/usr/lib/libmecabra.dylib
0x00007fff6ee25000 	/usr/lib/libmecab.dylib
0x00007fff6ea80000 	/usr/lib/libgermantok.dylib
0x00007fff6dd4d000 	/usr/lib/libThaiTokenizer.dylib
0x00007fff6d75e000 	/usr/lib/libChineseTokenizer.dylib
0x00007fff35529000 	/System/Library/Frameworks/Accelerate.framework/Versions/A/Frameworks/vImage.framework/Versions/A/vImage
0x00007fff367cc000 	/System/Library/Frameworks/Accelerate.framework/Versions/A/Frameworks/vecLib.framework/Versions/A/vecLib
0x00007fff36710000 	/System/Library/Frameworks/Accelerate.framework/Versions/A/Frameworks/vecLib.framework/Versions/A/libvMisc.dylib
0x00007fff36536000 	/System/Library/Frameworks/Accelerate.framework/Versions/A/Frameworks/vecLib.framework/Versions/A/libvDSP.dylib
0x00007fff35b95000 	/System/Library/Frameworks/Accelerate.framework/Versions/A/Frameworks/vecLib.framework/Versions/A/libBLAS.dylib
0x00007fff360f0000 	/System/Library/Frameworks/Accelerate.framework/Versions/A/Frameworks/vecLib.framework/Versions/A/libLAPACK.dylib
0x00007fff36496000 	/System/Library/Frameworks/Accelerate.framework/Versions/A/Frameworks/vecLib.framework/Versions/A/libLinearAlgebra.dylib
0x00007fff36523000 	/System/Library/Frameworks/Accelerate.framework/Versions/A/Frameworks/vecLib.framework/Versions/A/libSparseBLAS.dylib
0x00007fff364ac000 	/System/Library/Frameworks/Accelerate.framework/Versions/A/Frameworks/vecLib.framework/Versions/A/libQuadrature.dylib
0x00007fff35dff000 	/System/Library/Frameworks/Accelerate.framework/Versions/A/Frameworks/vecLib.framework/Versions/A/libBNNS.dylib
0x00007fff364b2000 	/System/Library/Frameworks/Accelerate.framework/Versions/A/Frameworks/vecLib.framework/Versions/A/libSparse.dylib
0x00007fff5e433000 	/System/Library/PrivateFrameworks/LanguageModeling.framework/Versions/A/LanguageModeling
0x00007fff50ffe000 	/System/Library/PrivateFrameworks/CoreEmoji.framework/Versions/A/CoreEmoji
0x00007fff5e551000 	/System/Library/PrivateFrameworks/LinguisticData.framework/Versions/A/LinguisticData
0x00007fff5e502000 	/System/Library/PrivateFrameworks/Lexicon.framework/Versions/A/Lexicon
0x00007fff6e00d000 	/usr/lib/libcmph.dylib
0x00007fff42a4e000 	/System/Library/Frameworks/OpenDirectory.framework/Versions/A/Frameworks/CFOpenDirectory.framework/Versions/A/CFOpenDirectory
0x00007fff42a6b000 	/System/Library/Frameworks/OpenDirectory.framework/Versions/A/OpenDirectory
0x00007fff4ad38000 	/System/Library/PrivateFrameworks/APFS.framework/Versions/A/APFS
0x00007fff46114000 	/System/Library/Frameworks/SecurityFoundation.framework/Versions/A/SecurityFoundation
0x00007fff700c8000 	/usr/lib/libutil.dylib
0x00007fff522eb000 	/System/Library/PrivateFrameworks/CoreServicesStore.framework/Versions/A/CoreServicesStore
0x00007fff461cc000 	/System/Library/Frameworks/ServiceManagement.framework/Versions/A/ServiceManagement
0x00007fff4e22e000 	/System/Library/PrivateFrameworks/BackgroundTaskManagement.framework/Versions/A/BackgroundTaskManagement
0x00007fff701c5000 	/usr/lib/libxslt.1.dylib
0x00007fff4d0dc000 	/System/Library/PrivateFrameworks/AppleSystemInfo.framework/Versions/A/AppleSystemInfo
0x00007fff3c8b7000 	/System/Library/Frameworks/ImageIO.framework/Versions/A/Resources/libJPEG.dylib
0x00007fff3cb76000 	/System/Library/Frameworks/ImageIO.framework/Versions/A/Resources/libTIFF.dylib
0x00007fff3cb59000 	/System/Library/Frameworks/ImageIO.framework/Versions/A/Resources/libPng.dylib
0x00007fff3c7f8000 	/System/Library/Frameworks/ImageIO.framework/Versions/A/Resources/libGIF.dylib
0x00007fff3c7fc000 	/System/Library/Frameworks/ImageIO.framework/Versions/A/Resources/libJP2.dylib
0x00007fff3cb74000 	/System/Library/Frameworks/ImageIO.framework/Versions/A/Resources/libRadiance.dylib
0x00007fff6ea48000 	/usr/lib/libexpat.1.dylib
0x00007fff4cbd2000 	/System/Library/PrivateFrameworks/AppleJPEG.framework/Versions/A/AppleJPEG
0x00007fff55565000 	/System/Library/PrivateFrameworks/FontServices.framework/libFontParser.dylib
0x00007fff6c41a000 	/System/Library/PrivateFrameworks/WatchdogClient.framework/Versions/A/WatchdogClient
0x00007fff5dac0000 	/System/Library/PrivateFrameworks/IOAccelerator.framework/Versions/A/IOAccelerator
0x00007fff3ef35000 	/System/Library/Frameworks/MetalPerformanceShaders.framework/Versions/A/MetalPerformanceShaders
0x00007fff5a2b3000 	/System/Library/PrivateFrameworks/GPUWrangler.framework/Versions/A/GPUWrangler
0x00007fff5dacb000 	/System/Library/PrivateFrameworks/IOPresentment.framework/Versions/A/IOPresentment
0x00007fff52fd3000 	/System/Library/PrivateFrameworks/DSExternalDisplay.framework/Versions/A/DSExternalDisplay
0x00007fff433d4000 	/System/Library/Frameworks/OpenGL.framework/Versions/A/Libraries/libCoreFSCache.dylib
0x00007fff3ec87000 	/System/Library/Frameworks/MetalPerformanceShaders.framework/Frameworks/MPSCore.framework/Versions/A/MPSCore
0x00007fff3ecc4000 	/System/Library/Frameworks/MetalPerformanceShaders.framework/Frameworks/MPSImage.framework/Versions/A/MPSImage
0x00007fff3ed86000 	/System/Library/Frameworks/MetalPerformanceShaders.framework/Frameworks/MPSNeuralNetwork.framework/Versions/A/MPSNeuralNetwork
0x00007fff3ed4b000 	/System/Library/Frameworks/MetalPerformanceShaders.framework/Frameworks/MPSMatrix.framework/Versions/A/MPSMatrix
0x00007fff3eee6000 	/System/Library/Frameworks/MetalPerformanceShaders.framework/Frameworks/MPSRayIntersector.framework/Versions/A/MPSRayIntersector
0x00007fff3ed70000 	/System/Library/Frameworks/MetalPerformanceShaders.framework/Frameworks/MPSNDArray.framework/Versions/A/MPSNDArray
0x00007fff5f8fd000 	/System/Library/PrivateFrameworks/MetalTools.framework/Versions/A/MetalTools
0x00007fff4befd000 	/System/Library/PrivateFrameworks/AggregateDictionary.framework/Versions/A/AggregateDictionary
0x00007fff50a88000 	/System/Library/PrivateFrameworks/CoreAnalytics.framework/Versions/A/CoreAnalytics
0x00007fff4cffa000 	/System/Library/PrivateFrameworks/AppleSauce.framework/Versions/A/AppleSauce
0x00007fff6da1a000 	/usr/lib/libIOReport.dylib
0x00007fff3b785000 	/System/Library/Frameworks/CoreVideo.framework/Versions/A/CoreVideo
0x00007fff5b721000 	/System/Library/PrivateFrameworks/GraphVisualizer.framework/Versions/A/GraphVisualizer
0x00007fff54ae6000 	/System/Library/PrivateFrameworks/FaceCore.framework/Versions/A/FaceCore
0x00007fff429f5000 	/System/Library/Frameworks/OpenCL.framework/Versions/A/OpenCL
0x00007fff6d83c000 	/usr/lib/libFosl_dynamic.dylib
0x00007fff60dab000 	/System/Library/PrivateFrameworks/OTSVG.framework/Versions/A/OTSVG
0x00007fff37882000 	/System/Library/Frameworks/ApplicationServices.framework/Versions/A/Frameworks/ATS.framework/Versions/A/Resources/libFontRegistry.dylib
0x00007fff55736000 	/System/Library/PrivateFrameworks/FontServices.framework/libhvf.dylib
0x00007fff433df000 	/System/Library/Frameworks/OpenGL.framework/Versions/A/Libraries/libGFXShared.dylib
0x00007fff435bc000 	/System/Library/Frameworks/OpenGL.framework/Versions/A/Libraries/libGLU.dylib
0x00007fff433e8000 	/System/Library/Frameworks/OpenGL.framework/Versions/A/Libraries/libGL.dylib
0x00007fff433f3000 	/System/Library/Frameworks/OpenGL.framework/Versions/A/Libraries/libGLImage.dylib
0x00007fff433d1000 	/System/Library/Frameworks/OpenGL.framework/Versions/A/Libraries/libCVMSPluginSupport.dylib
0x00007fff433da000 	/System/Library/Frameworks/OpenGL.framework/Versions/A/Libraries/libCoreVMClient.dylib
0x00007fff6f49f000 	/usr/lib/libncurses.5.4.dylib
0x00007fff3777e000 	/System/Library/Frameworks/ApplicationServices.framework/Versions/A/Frameworks/ATS.framework/Versions/A/ATS
0x00007fff3794b000 	/System/Library/Frameworks/ApplicationServices.framework/Versions/A/Frameworks/ColorSyncLegacy.framework/Versions/A/ColorSyncLegacy
0x00007fff379ea000 	/System/Library/Frameworks/ApplicationServices.framework/Versions/A/Frameworks/HIServices.framework/Versions/A/HIServices
0x00007fff37a41000 	/System/Library/Frameworks/ApplicationServices.framework/Versions/A/Frameworks/LangAnalysis.framework/Versions/A/LangAnalysis
0x00007fff37a50000 	/System/Library/Frameworks/ApplicationServices.framework/Versions/A/Frameworks/PrintCore.framework/Versions/A/PrintCore
0x00007fff37a96000 	/System/Library/Frameworks/ApplicationServices.framework/Versions/A/Frameworks/QD.framework/Versions/A/QD
0x00007fff37aa1000 	/System/Library/Frameworks/ApplicationServices.framework/Versions/A/Frameworks/SpeechSynthesis.framework/Versions/A/SpeechSynthesis
0x00007fff3791b000 	/System/Library/Frameworks/ApplicationServices.framework/Versions/A/Frameworks/ATSUI.framework/Versions/A/ATSUI
0x00007fff6e8dc000 	/usr/lib/libcups.2.dylib
0x00007fff3dfe4000 	/System/Library/Frameworks/Kerberos.framework/Versions/A/Kerberos
0x00007fff3c264000 	/System/Library/Frameworks/GSS.framework/Versions/A/GSS
0x00007fff6fc15000 	/usr/lib/libresolv.9.dylib
0x00007fff5b8c2000 	/System/Library/PrivateFrameworks/Heimdal.framework/Versions/A/Heimdal
0x00007fff3dff7000 	/System/Library/Frameworks/Kerberos.framework/Versions/A/Libraries/libHeimdalProxy.dylib
0x00007fff6ea86000 	/usr/lib/libheimdal-asn1.dylib
0x00007fff4ff2e000 	/System/Library/PrivateFrameworks/CommonAuth.framework/Versions/A/CommonAuth
0x00007fff4d179000 	/System/Library/PrivateFrameworks/AssertionServices.framework/Versions/A/AssertionServices
0x00007fff4dd1c000 	/System/Library/PrivateFrameworks/AudioToolboxCore.framework/Versions/A/AudioToolboxCore
0x00007fff6d074000 	/System/Library/PrivateFrameworks/caulk.framework/Versions/A/caulk
0x00007fff4e2da000 	/System/Library/PrivateFrameworks/BaseBoard.framework/Versions/A/BaseBoard
0x00007fff64ed0000 	/System/Library/PrivateFrameworks/RunningBoardServices.framework/Versions/A/RunningBoardServices
0x00007fff61f99000 	/System/Library/PrivateFrameworks/PersistentConnection.framework/Versions/A/PersistentConnection
0x00007fff6491f000 	/System/Library/PrivateFrameworks/ProtocolBuffer.framework/Versions/A/ProtocolBuffer
0x00007fff4ff53000 	/System/Library/PrivateFrameworks/CommonUtilities.framework/Versions/A/CommonUtilities
0x00007fff4e45d000 	/System/Library/PrivateFrameworks/Bom.framework/Versions/A/Bom
0x00007fff6d6e9000 	/usr/lib/libAudioToolboxUtility.dylib
0x00007fff4e238000 	/System/Library/PrivateFrameworks/Backup.framework/Versions/A/Backup
0x00007fff52d43000 	/System/Library/PrivateFrameworks/CrashReporterSupport.framework/Versions/A/CrashReporterSupport
0x00007fff669cc000 	/System/Library/PrivateFrameworks/Sharing.framework/Versions/A/Sharing
0x00007fff4c91d000 	/System/Library/PrivateFrameworks/Apple80211.framework/Versions/A/Apple80211
0x00007fff4df5a000 	/System/Library/PrivateFrameworks/AuthKit.framework/Versions/A/AuthKit
0x00007fff52a73000 	/System/Library/PrivateFrameworks/CoreUtils.framework/Versions/A/CoreUtils
0x00007fff3b7ca000 	/System/Library/Frameworks/CoreWLAN.framework/Versions/A/CoreWLAN
0x00007fff3c3f0000 	/System/Library/Frameworks/IOBluetooth.framework/Versions/A/IOBluetooth
0x00007fff5fbfb000 	/System/Library/PrivateFrameworks/MobileKeyBag.framework/Versions/A/MobileKeyBag
0x00007fff51b3e000 	/System/Library/PrivateFrameworks/CorePhoneNumbers.framework/Versions/A/CorePhoneNumbers
0x00007fff4cb85000 	/System/Library/PrivateFrameworks/AppleIDAuthSupport.framework/Versions/A/AppleIDAuthSupport
0x00007fff3fe89000 	/System/Library/Frameworks/Network.framework/Versions/A/Network
0x00007fff5e2bb000 	/System/Library/PrivateFrameworks/KeychainCircle.framework/Versions/A/KeychainCircle
0x00007fff3923e000 	/System/Library/Frameworks/CoreBluetooth.framework/Versions/A/CoreBluetooth
0x00007fff68648000 	/System/Library/PrivateFrameworks/SpeechRecognitionCore.framework/Versions/A/SpeechRecognitionCore
0x0000000109a00000 	/Library/Java/JavaVirtualMachines/jdk1.8.0_211.jdk/Contents/Home/jre/lib/server/libjvm.dylib
0x00007fff6ff9a000 	/usr/lib/libstdc++.6.dylib
0x000000010902d000 	/Library/Java/JavaVirtualMachines/jdk1.8.0_211.jdk/Contents/Home/jre/lib/libverify.dylib
0x000000010903b000 	/Library/Java/JavaVirtualMachines/jdk1.8.0_211.jdk/Contents/Home/jre/lib/libjava.dylib
0x00000001090bb000 	/Library/Java/JavaVirtualMachines/jdk1.8.0_211.jdk/Contents/Home/jre/lib/libzip.dylib
0x0000000112d43000 	/Library/Java/JavaVirtualMachines/jdk1.8.0_211.jdk/Contents/Home/jre/lib/libnio.dylib
0x000000011313a000 	/Library/Java/JavaVirtualMachines/jdk1.8.0_211.jdk/Contents/Home/jre/lib/libnet.dylib
0x0000000113122000 	/Library/Java/JavaVirtualMachines/jdk1.8.0_211.jdk/Contents/Home/jre/lib/libmanagement.dylib
0x000000011336d000 	/Library/Java/JavaVirtualMachines/jdk1.8.0_211.jdk/Contents/Home/jre/lib/libsunec.dylib

VM Arguments:
jvm_args: -Dfile.encoding=UTF-8 
java_command: com.itgma.shreyas.technicaltest.TechnicalTestApplication
java_class_path (initial): /Users/shreyasrh/Downloads/technical-test/target/classes:/Users/shreyasrh/.m2/repository/org/springframework/boot/spring-boot-starter-data-jpa/2.5.0-SNAPSHOT/spring-boot-starter-data-jpa-2.5.0-SNAPSHOT.jar:/Users/shreyasrh/.m2/repository/org/springframework/boot/spring-boot-starter-aop/2.5.0-SNAPSHOT/spring-boot-starter-aop-2.5.0-SNAPSHOT.jar:/Users/shreyasrh/.m2/repository/org/aspectj/aspectjweaver/1.9.6/aspectjweaver-1.9.6.jar:/Users/shreyasrh/.m2/repository/org/springframework/boot/spring-boot-starter-jdbc/2.5.0-SNAPSHOT/spring-boot-starter-jdbc-2.5.0-SNAPSHOT.jar:/Users/shreyasrh/.m2/repository/com/zaxxer/HikariCP/4.0.2/HikariCP-4.0.2.jar:/Users/shreyasrh/.m2/repository/org/springframework/spring-jdbc/5.3.4/spring-jdbc-5.3.4.jar:/Users/shreyasrh/.m2/repository/jakarta/transaction/jakarta.transaction-api/1.3.3/jakarta.transaction-api-1.3.3.jar:/Users/shreyasrh/.m2/repository/jakarta/persistence/jakarta.persistence-api/2.2.3/jakarta.persistence-api-2.2.3.jar:/Users/shreyasrh/.m2/repository/org/hibernate/hibernate-core/5.4.28.Final/hibernate-core-5.4.28.Final.jar:/Users/shreyasrh/.m2/repository/org/jboss/logging/jboss-logging/3.4.1.Final/jboss-logging-3.4.1.Final.jar:/Users/shreyasrh/.m2/repository/org/javassist/javassist/3.27.0-GA/javassist-3.27.0-GA.jar:/Users/shreyasrh/.m2/repository/net/bytebuddy/byte-buddy/1.10.20/byte-buddy-1.10.20.jar:/Users/shreyasrh/.m2/repository/antlr/antlr/2.7.7/antlr-2.7.7.jar:/Users/shreyasrh/.m2/repository/org/jboss/jandex/2.2.3.Final/jandex-2.2.3.Final.jar:/Users/shreyasrh/.m2/repository/org/dom4j/dom4j/2.1.3/dom4j-2.1.3.jar:/Users/shreyasrh/.m2/repository/org/hibernate/common/hibernate-commons-annotations/5.1.2.Final/hibernate-commons-annotations-5.1.2.Final.jar:/Users/shreyasrh/.m2/repository/org/glassfish/jaxb/jaxb-runtime/2.3.3/jaxb-runtime-2.3.3.jar:/Users/shreyasrh/.m2/repository/org/glassfish/jaxb/txw2/2.3.3/txw2-2.3.3.jar:/Users/shreyasrh/.m2/repository/com/sun/istack/istack-commons-runtime/3.0.1
Launcher Type: SUN_STANDARD

Environment Variables:
PATH=/usr/bin:/bin:/usr/sbin:/sbin
SHELL=/bin/bash

Signal Handlers:
SIGSEGV: [libjvm.dylib+0x5b71a7], sa_mask[0]=11111111011111110111111111111111, sa_flags=SA_ONSTACK|SA_RESTART|SA_SIGINFO
SIGBUS: [libjvm.dylib+0x5b71a7], sa_mask[0]=11111111011111110111111111111111, sa_flags=SA_RESTART|SA_SIGINFO
SIGFPE: [libjvm.dylib+0x48c8fc], sa_mask[0]=11111111011111110111111111111111, sa_flags=SA_RESTART|SA_SIGINFO
SIGPIPE: [libjvm.dylib+0x48c8fc], sa_mask[0]=11111111011111110111111111111111, sa_flags=SA_RESTART|SA_SIGINFO
SIGXFSZ: [libjvm.dylib+0x48c8fc], sa_mask[0]=11111111011111110111111111111111, sa_flags=SA_RESTART|SA_SIGINFO
SIGILL: [libjvm.dylib+0x48c8fc], sa_mask[0]=11111111011111110111111111111111, sa_flags=SA_RESTART|SA_SIGINFO
SIGUSR1: SIG_DFL, sa_mask[0]=00000000000000000000000000000000, sa_flags=none
SIGUSR2: [libjvm.dylib+0x48c41a], sa_mask[0]=00100000000000000000000000000000, sa_flags=SA_RESTART|SA_SIGINFO
SIGHUP: [libjvm.dylib+0x48a9a5], sa_mask[0]=11111111011111110111111111111111, sa_flags=SA_RESTART|SA_SIGINFO
SIGINT: [libjvm.dylib+0x48a9a5], sa_mask[0]=11111111011111110111111111111111, sa_flags=SA_RESTART|SA_SIGINFO
SIGTERM: [libjvm.dylib+0x48a9a5], sa_mask[0]=11111111011111110111111111111111, sa_flags=SA_RESTART|SA_SIGINFO
SIGQUIT: [libjvm.dylib+0x48a9a5], sa_mask[0]=11111111011111110111111111111111, sa_flags=SA_RESTART|SA_SIGINFO


---------------  S Y S T E M  ---------------

OS:Bsduname:Darwin 19.3.0 Darwin Kernel Version 19.3.0: Thu Jan  9 20:58:23 PST 2020; root:xnu-6153.81.5~1/RELEASE_X86_64 x86_64
rlimit: STACK 8192k, CORE 0k, NPROC 1392, NOFILE 10240, AS infinity
load average:11.33 7.94 5.66

CPU:total 4 (initial active 4) (2 cores per cpu, 2 threads per core) family 6 model 61 stepping 4, cmov, cx8, fxsr, mmx, sse, sse2, sse3, ssse3, sse4.1, sse4.2, popcnt, avx, avx2, aes, clmul, erms, 3dnowpref, lzcnt, ht, tsc, tscinvbit, bmi1, bmi2, adx

Memory: 4k page, physical 8388608k(49180k free)

/proc/meminfo:


vm_info: Java HotSpot(TM) 64-Bit Server VM (25.211-b12) for bsd-amd64 JRE (1.8.0_211-b12), built on Apr  1 2019 20:53:18 by "java_re" with gcc 4.2.1 (Based on Apple Inc. build 5658) (LLVM build 2336.11.00)

time: Fri Feb 26 23:13:02 2021
timezone: IST
elapsed time: 1977 seconds (0d 0h 32m 57s)

